[18:48:04] [Server thread/INFO]: Starting minecraft server version 1.8.8
[18:48:04] [Server thread/WARN]: To start the server with more ram, launch it as "java -Xmx1024M -Xms1024M -jar minecraft_server.jar"
[18:48:04] [Server thread/INFO]: Loading properties
[18:48:04] [Server thread/INFO]: Default game type: SURVIVAL
[18:48:06] [Server thread/INFO]: This server is running CraftBukkit version git-PaperSpigot-445 (MC: 1.8.8) (Implementing API version 1.8.8-R0.1-SNAPSHOT)
[18:48:07] [Server thread/INFO]: Spigot Timings: true - Verbose: true - Interval: 5m - Length: 60m
[18:48:07] [Server thread/INFO]: Server Ping Player Sample Count: 12
[18:48:07] [Server thread/INFO]: Using 4 threads for Netty based IO
[18:48:07] [Server thread/INFO]: Debug logging is disabled
[18:48:07] [Server thread/INFO]: Data value allowed items: 
[18:48:07] [Server thread/INFO]: Generating keypair
[18:48:08] [Server thread/INFO]: Starting Minecraft server on localhost:25565
[18:48:09] [Server thread/INFO]: Using default channel type
[18:48:09] [Server thread/INFO]: Set PluginClassLoader as parallel capable
[18:48:09] [Server thread/INFO]: [AutoSave] Loading AutoSave v1.0
[18:48:09] [Server thread/WARN]: **** SERVER IS RUNNING IN OFFLINE/INSECURE MODE!
[18:48:09] [Server thread/WARN]: The server will make no attempt to authenticate usernames. Beware.
[18:48:09] [Server thread/WARN]: Whilst this makes it possible to use BungeeCord, unless access to your server is properly restricted, it also opens up the ability for hackers to connect with any username they choose.
[18:48:09] [Server thread/WARN]: Please see http://www.spigotmc.org/wiki/firewall-guide/ for further information.
[18:48:09] [Server thread/WARN]: To change this, set "online-mode" to "true" in the server.properties file.
[18:48:09] [Server thread/INFO]: **** Beginning UUID conversion, this may take A LONG time ****
[18:48:10] [Server thread/INFO]: Preparing level "world"
[18:48:10] [Server thread/INFO]: -------- World Settings For [world] --------
[18:48:10] [Server thread/INFO]: Anti X-Ray: true
[18:48:10] [Server thread/INFO]: 	Engine Mode: 1
[18:48:10] [Server thread/INFO]: 	Hidden Blocks: [14, 15, 16, 21, 48, 49, 54, 56, 73, 74, 82, 129, 130]
[18:48:10] [Server thread/INFO]: 	Replace Blocks: [1, 5]
[18:48:10] [Server thread/INFO]: Nerfing mobs spawned from spawners: false
[18:48:10] [Server thread/INFO]: Entity Activation Range: An 32 / Mo 32 / Mi 16
[18:48:10] [Server thread/INFO]: Entity Tracking Range: Pl 48 / An 48 / Mo 48 / Mi 32 / Other 64
[18:48:10] [Server thread/INFO]: Hopper Transfer: 8 Hopper Check: 8 Hopper Amount: 1
[18:48:10] [Server thread/INFO]: Random Lighting Updates: false
[18:48:10] [Server thread/INFO]: Structure Info Saving: true
[18:48:10] [Server thread/INFO]: Cactus Growth Modifier: 100%
[18:48:10] [Server thread/INFO]: Cane Growth Modifier: 100%
[18:48:10] [Server thread/INFO]: Melon Growth Modifier: 100%
[18:48:10] [Server thread/INFO]: Mushroom Growth Modifier: 100%
[18:48:10] [Server thread/INFO]: Pumpkin Growth Modifier: 100%
[18:48:10] [Server thread/INFO]: Sapling Growth Modifier: 100%
[18:48:10] [Server thread/INFO]: Wheat Growth Modifier: 100%
[18:48:10] [Server thread/INFO]: NetherWart Growth Modifier: 100%
[18:48:10] [Server thread/INFO]: Mob Spawn Range: 4
[18:48:10] [Server thread/INFO]: Sending up to 10 chunks per packet
[18:48:10] [Server thread/INFO]: Max Entity Collisions: 8
[18:48:10] [Server thread/INFO]: Custom Map Seeds:  Village: 10387312 Feature: 14357617
[18:48:10] [Server thread/INFO]: Max TNT Explosions: 100
[18:48:10] [Server thread/INFO]: Tile Max Tick Time: 50ms Entity max Tick Time: 50ms
[18:48:10] [Server thread/INFO]: Experience Merge Radius: 3.0
[18:48:10] [Server thread/INFO]: Item Despawn Rate: 6000
[18:48:10] [Server thread/INFO]: Item Merge Radius: 2.5
[18:48:10] [Server thread/INFO]: Arrow Despawn Rate: 1200
[18:48:10] [Server thread/INFO]: Allow Zombie Pigmen to spawn from portal blocks: true
[18:48:10] [Server thread/INFO]: View Distance: 4
[18:48:10] [Server thread/INFO]: Chunks to Grow per Tick: 650
[18:48:10] [Server thread/INFO]: Clear tick list: false
[18:48:10] [Server thread/INFO]: Zombie Aggressive Towards Villager: true
[18:48:10] [Server thread/INFO]: -------- World Settings For [world] --------
[18:48:10] [Server thread/INFO]: Max height for cactus growth 3. Max height for reed growth 3
[18:48:10] [Server thread/INFO]: Squids will spawn between Y: 45.0 and Y: 63.0
[18:48:10] [Server thread/INFO]: Remove invalid mob spawner tile entities: true
[18:48:10] [Server thread/INFO]: Player blocking damage multiplier set to 0.5
[18:48:10] [Server thread/INFO]: Living Entity Despawn Ranges:  Soft: 32 Hard: 128
[18:48:10] [Server thread/INFO]: World async lighting: false
[18:48:10] [Server thread/INFO]: WorldServer TickNextTick cap set at 10000
[18:48:10] [Server thread/INFO]: WorldServer TickNextTickList cap always processes redstone: false
[18:48:10] [Server thread/INFO]: Water over lava flow speed: 5
[18:48:10] [Server thread/INFO]: Fix TNT cannons: false
[18:48:10] [Server thread/INFO]: Keep spawn chunk loaded: true
[18:48:11] [Server thread/INFO]: Allow undead horse types to be leashed: false
[18:48:11] [Server thread/INFO]: -------- World Settings For [world_nether] --------
[18:48:11] [Server thread/INFO]: Anti X-Ray: true
[18:48:11] [Server thread/INFO]: 	Engine Mode: 1
[18:48:11] [Server thread/INFO]: 	Hidden Blocks: [14, 15, 16, 21, 48, 49, 54, 56, 73, 74, 82, 129, 130]
[18:48:11] [Server thread/INFO]: 	Replace Blocks: [1, 5]
[18:48:11] [Server thread/INFO]: Nerfing mobs spawned from spawners: false
[18:48:11] [Server thread/INFO]: Entity Activation Range: An 32 / Mo 32 / Mi 16
[18:48:11] [Server thread/INFO]: Entity Tracking Range: Pl 48 / An 48 / Mo 48 / Mi 32 / Other 64
[18:48:11] [Server thread/INFO]: Hopper Transfer: 8 Hopper Check: 8 Hopper Amount: 1
[18:48:11] [Server thread/INFO]: Random Lighting Updates: false
[18:48:11] [Server thread/INFO]: Structure Info Saving: true
[18:48:11] [Server thread/INFO]: Cactus Growth Modifier: 100%
[18:48:11] [Server thread/INFO]: Cane Growth Modifier: 100%
[18:48:11] [Server thread/INFO]: Melon Growth Modifier: 100%
[18:48:11] [Server thread/INFO]: Mushroom Growth Modifier: 100%
[18:48:11] [Server thread/INFO]: Pumpkin Growth Modifier: 100%
[18:48:11] [Server thread/INFO]: Sapling Growth Modifier: 100%
[18:48:11] [Server thread/INFO]: Wheat Growth Modifier: 100%
[18:48:11] [Server thread/INFO]: NetherWart Growth Modifier: 100%
[18:48:11] [Server thread/INFO]: Mob Spawn Range: 4
[18:48:11] [Server thread/INFO]: Sending up to 10 chunks per packet
[18:48:11] [Server thread/INFO]: Max Entity Collisions: 8
[18:48:11] [Server thread/INFO]: Custom Map Seeds:  Village: 10387312 Feature: 14357617
[18:48:11] [Server thread/INFO]: Max TNT Explosions: 100
[18:48:11] [Server thread/INFO]: Tile Max Tick Time: 50ms Entity max Tick Time: 50ms
[18:48:11] [Server thread/INFO]: Experience Merge Radius: 3.0
[18:48:11] [Server thread/INFO]: Item Despawn Rate: 6000
[18:48:11] [Server thread/INFO]: Item Merge Radius: 2.5
[18:48:11] [Server thread/INFO]: Arrow Despawn Rate: 1200
[18:48:11] [Server thread/INFO]: Allow Zombie Pigmen to spawn from portal blocks: true
[18:48:11] [Server thread/INFO]: View Distance: 4
[18:48:11] [Server thread/INFO]: Chunks to Grow per Tick: 650
[18:48:11] [Server thread/INFO]: Clear tick list: false
[18:48:11] [Server thread/INFO]: Zombie Aggressive Towards Villager: true
[18:48:11] [Server thread/INFO]: -------- World Settings For [world_nether] --------
[18:48:11] [Server thread/INFO]: Max height for cactus growth 3. Max height for reed growth 3
[18:48:11] [Server thread/INFO]: Squids will spawn between Y: 45.0 and Y: 63.0
[18:48:11] [Server thread/INFO]: Remove invalid mob spawner tile entities: true
[18:48:11] [Server thread/INFO]: Player blocking damage multiplier set to 0.5
[18:48:11] [Server thread/INFO]: Living Entity Despawn Ranges:  Soft: 32 Hard: 128
[18:48:11] [Server thread/INFO]: World async lighting: false
[18:48:11] [Server thread/INFO]: WorldServer TickNextTick cap set at 10000
[18:48:11] [Server thread/INFO]: WorldServer TickNextTickList cap always processes redstone: false
[18:48:11] [Server thread/INFO]: Water over lava flow speed: 5
[18:48:11] [Server thread/INFO]: Fix TNT cannons: false
[18:48:11] [Server thread/INFO]: Keep spawn chunk loaded: true
[18:48:11] [Server thread/INFO]: Allow undead horse types to be leashed: false
[18:48:11] [Server thread/INFO]: -------- World Settings For [world_the_end] --------
[18:48:11] [Server thread/INFO]: Anti X-Ray: true
[18:48:11] [Server thread/INFO]: 	Engine Mode: 1
[18:48:11] [Server thread/INFO]: 	Hidden Blocks: [14, 15, 16, 21, 48, 49, 54, 56, 73, 74, 82, 129, 130]
[18:48:11] [Server thread/INFO]: 	Replace Blocks: [1, 5]
[18:48:11] [Server thread/INFO]: Nerfing mobs spawned from spawners: false
[18:48:11] [Server thread/INFO]: Entity Activation Range: An 32 / Mo 32 / Mi 16
[18:48:11] [Server thread/INFO]: Entity Tracking Range: Pl 48 / An 48 / Mo 48 / Mi 32 / Other 64
[18:48:11] [Server thread/INFO]: Hopper Transfer: 8 Hopper Check: 8 Hopper Amount: 1
[18:48:11] [Server thread/INFO]: Random Lighting Updates: false
[18:48:11] [Server thread/INFO]: Structure Info Saving: true
[18:48:11] [Server thread/INFO]: Cactus Growth Modifier: 100%
[18:48:11] [Server thread/INFO]: Cane Growth Modifier: 100%
[18:48:11] [Server thread/INFO]: Melon Growth Modifier: 100%
[18:48:11] [Server thread/INFO]: Mushroom Growth Modifier: 100%
[18:48:11] [Server thread/INFO]: Pumpkin Growth Modifier: 100%
[18:48:11] [Server thread/INFO]: Sapling Growth Modifier: 100%
[18:48:11] [Server thread/INFO]: Wheat Growth Modifier: 100%
[18:48:11] [Server thread/INFO]: NetherWart Growth Modifier: 100%
[18:48:11] [Server thread/INFO]: Mob Spawn Range: 4
[18:48:11] [Server thread/INFO]: Sending up to 10 chunks per packet
[18:48:11] [Server thread/INFO]: Max Entity Collisions: 8
[18:48:11] [Server thread/INFO]: Custom Map Seeds:  Village: 10387312 Feature: 14357617
[18:48:11] [Server thread/INFO]: Max TNT Explosions: 100
[18:48:11] [Server thread/INFO]: Tile Max Tick Time: 50ms Entity max Tick Time: 50ms
[18:48:11] [Server thread/INFO]: Experience Merge Radius: 3.0
[18:48:11] [Server thread/INFO]: Item Despawn Rate: 6000
[18:48:11] [Server thread/INFO]: Item Merge Radius: 2.5
[18:48:11] [Server thread/INFO]: Arrow Despawn Rate: 1200
[18:48:11] [Server thread/INFO]: Allow Zombie Pigmen to spawn from portal blocks: true
[18:48:11] [Server thread/INFO]: View Distance: 4
[18:48:11] [Server thread/INFO]: Chunks to Grow per Tick: 650
[18:48:11] [Server thread/INFO]: Clear tick list: false
[18:48:11] [Server thread/INFO]: Zombie Aggressive Towards Villager: true
[18:48:11] [Server thread/INFO]: -------- World Settings For [world_the_end] --------
[18:48:11] [Server thread/INFO]: Max height for cactus growth 3. Max height for reed growth 3
[18:48:11] [Server thread/INFO]: Squids will spawn between Y: 45.0 and Y: 63.0
[18:48:11] [Server thread/INFO]: Remove invalid mob spawner tile entities: true
[18:48:11] [Server thread/INFO]: Player blocking damage multiplier set to 0.5
[18:48:11] [Server thread/INFO]: Living Entity Despawn Ranges:  Soft: 32 Hard: 128
[18:48:11] [Server thread/INFO]: World async lighting: false
[18:48:11] [Server thread/INFO]: WorldServer TickNextTick cap set at 10000
[18:48:11] [Server thread/INFO]: WorldServer TickNextTickList cap always processes redstone: false
[18:48:11] [Server thread/INFO]: Water over lava flow speed: 5
[18:48:11] [Server thread/INFO]: Fix TNT cannons: false
[18:48:11] [Server thread/INFO]: Keep spawn chunk loaded: true
[18:48:11] [Server thread/INFO]: Allow undead horse types to be leashed: false
[18:48:11] [Server thread/INFO]: Preparing start region for level 0 (Seed: -3833487949105970448)
[18:48:12] [Thread-5/INFO]: UUID of player jrip is aed9aef5-b0d4-36f1-af46-4048aea6b4c2
[18:48:13] [Server thread/INFO]: Preparing spawn area: 0%
[18:48:14] [Server thread/INFO]: Preparing spawn area: 8%
[18:48:15] [Thread-6/INFO]: UUID of player Xx_JPC_xX is 3641149e-eea5-36e7-abb5-f91830f62341
[18:48:15] [Server thread/INFO]: Preparing spawn area: 16%
[18:48:16] [Server thread/INFO]: Preparing spawn area: 21%
[18:48:17] [Server thread/INFO]: Preparing spawn area: 37%
[18:48:18] [Server thread/INFO]: Preparing spawn area: 50%
[18:48:19] [Server thread/INFO]: Preparing spawn area: 66%
[18:48:21] [Server thread/INFO]: Preparing spawn area: 75%
[18:48:21] [Thread-7/INFO]: UUID of player jrip is aed9aef5-b0d4-36f1-af46-4048aea6b4c2
[18:48:22] [Server thread/INFO]: Preparing spawn area: 89%
[18:48:22] [Server thread/INFO]: Preparing start region for level 1 (Seed: -3833487949105970448)
[18:48:23] [Server thread/INFO]: Preparing spawn area: 9%
[18:48:24] [Server thread/INFO]: Preparing spawn area: 26%
[18:48:25] [Server thread/INFO]: Preparing spawn area: 36%
[18:48:26] [Server thread/INFO]: Preparing spawn area: 45%
[18:48:27] [Server thread/INFO]: Preparing spawn area: 52%
[18:48:28] [Server thread/INFO]: Preparing spawn area: 68%
[18:48:29] [Server thread/INFO]: Preparing spawn area: 91%
[18:48:30] [Server thread/INFO]: Preparing start region for level 2 (Seed: -3833487949105970448)
[18:48:30] [Server thread/INFO]: [AutoSave] Enabling AutoSave v1.0
[18:48:30] [Server thread/INFO]: [AutoSave] Enable
[18:48:31] [Server thread/INFO]: Server permissions file permissions.yml is empty, ignoring it
[18:48:31] [Server thread/INFO]: Done (20.938s)! For help, type "help" or "?"
[18:48:31] [Server thread/INFO]: Timings Reset
[18:48:31] [Server thread/INFO]: ------------------------
[18:48:31] [Server thread/INFO]: Server is saved ...
[18:48:31] [Server thread/WARN]: A manual (plugin-induced) save has been detected while server is configured to auto-save. This may affect performance.
[18:48:31] [Server thread/INFO]: Successfully saved.
[18:48:31] [Server thread/INFO]: ------------------------
[18:48:35] [Server thread/INFO]: jrip[/172.31.128.1:50014] logged in with entity id 389 at ([world]-16.69999998807907, 59.0, -72.69999998807907)
[18:48:36] [Server thread/INFO]: Xx_JPC_xX[/172.31.128.1:50026] logged in with entity id 390 at ([world]-512.052864578267, 69.0, -689.1550069462202)
[18:48:36] [Server thread/INFO]: jrip lost connection: You logged in from another location
[18:48:37] [Server thread/INFO]: jrip left the game.
[18:48:37] [Server thread/INFO]: jrip[/172.31.128.1:48784] logged in with entity id 393 at ([world]-16.69999998807907, 59.0, -72.69999998807907)
[18:48:40] [Server thread/WARN]: handleDisconnection() called twice
[18:48:49] [Thread-8/INFO]: UUID of player Xx_JPC_xX is 3641149e-eea5-36e7-abb5-f91830f62341
[18:48:49] [Server thread/INFO]: Xx_JPC_xX lost connection: You logged in from another location
[18:48:49] [Server thread/INFO]: Xx_JPC_xX left the game.
[18:48:49] [Server thread/INFO]: Xx_JPC_xX[/172.31.128.1:47522] logged in with entity id 470 at ([world]-512.052864578267, 69.0, -689.1550069462202)
[18:48:49] [Server thread/WARN]: handleDisconnection() called twice
[18:49:07] [Server thread/INFO]: jrip lost connection: Timed out
[18:49:07] [Server thread/INFO]: jrip left the game.
[18:50:50] [Server thread/WARN]: Xx_JPC_xX moved wrongly!
[18:52:12] [Server thread/WARN]: Xx_JPC_xX moved wrongly!
[18:52:20] [Thread-9/INFO]: UUID of player var is 2f02896d-4807-3fcb-bebd-0aa76324b14b
[18:52:20] [Server thread/INFO]: var[/172.31.128.1:60926] logged in with entity id 2042 at ([world]-26.5, 61.0, -71.5)
[18:52:51] [Async Chat Thread - #0/INFO]: <var> ooh nice voxel renderer
[18:52:55] [Server thread/INFO]: var lost connection: Internal Exception: java.io.IOException: Connection reset by peer
[18:52:55] [Server thread/INFO]: var left the game.
[18:53:30] [Thread-10/INFO]: UUID of player winner1234 is 31006f1b-47ba-37a8-8241-251d4126eb1b
[18:53:30] [Server thread/INFO]: winner1234[/172.31.128.1:49130] logged in with entity id 2419 at ([world]-868.6999999880791, 68.0, -482.30000001192093)
[18:53:34] [Server thread/INFO]: ------------------------
[18:53:34] [Server thread/INFO]: Server is saved ...
[18:53:34] [Server thread/INFO]: Successfully saved.
[18:53:34] [Server thread/INFO]: ------------------------
[18:53:44] [Server thread/INFO]: winner1234 lost connection: Disconnected
[18:53:44] [Server thread/INFO]: winner1234 left the game.
[18:53:50] [Thread-11/INFO]: UUID of player winner1234 is 31006f1b-47ba-37a8-8241-251d4126eb1b
[18:53:50] [Server thread/INFO]: winner1234[/172.31.128.1:52620] logged in with entity id 2594 at ([world]-868.6999999880791, 68.0, -482.30000001192093)
[18:54:18] [Server thread/INFO]: winner1234 issued server command: /ec
[18:54:40] [Thread-12/INFO]: UUID of player GX_wolf is d96daa1f-59a3-34f7-92fc-4d888b1e58b4
[18:54:40] [Server thread/INFO]: GX_wolf[/172.31.128.1:41130] logged in with entity id 2850 at ([world]83.64028748858553, 75.0, -531.5854051741045)
[18:54:56] [Async Chat Thread - #1/INFO]: <Xx_JPC_xX> server laggy asf
[18:55:02] [Async Chat Thread - #1/INFO]: <GX_wolf> what happend
[18:55:13] [Async Chat Thread - #1/INFO]: <Xx_JPC_xX> lag i guess
[18:55:21] [Async Chat Thread - #1/INFO]: <GX_wolf> yea
[18:55:36] [Async Chat Thread - #1/INFO]: <GX_wolf> wear evrybody go
[18:55:43] [Thread-13/INFO]: UUID of player jrip is aed9aef5-b0d4-36f1-af46-4048aea6b4c2
[18:55:43] [Server thread/INFO]: jrip[/172.31.128.1:38288] logged in with entity id 3282 at ([world]-16.69999998807907, 59.0, -72.69999998807907)
[18:55:43] [Async Chat Thread - #1/INFO]: <Xx_JPC_xX> can u help me get wood
[18:55:54] [Async Chat Thread - #1/INFO]: <GX_wolf> wdym
[18:56:15] [Server thread/INFO]: winner1234 was blown up by Creeper
[18:56:26] [Async Chat Thread - #1/INFO]: <GX_wolf> rip
[18:56:44] [Server thread/INFO]: Xx_JPC_xX has just earned the achievement [Getting Wood]
[18:57:51] [Server thread/INFO]: Xx_JPC_xX lost connection: Disconnected
[18:57:51] [Server thread/INFO]: Xx_JPC_xX left the game.
[18:57:55] [Thread-14/INFO]: UUID of player Xx_JPC_xX is 3641149e-eea5-36e7-abb5-f91830f62341
[18:57:56] [Server thread/INFO]: Xx_JPC_xX[/172.31.128.1:39416] logged in with entity id 6453 at ([world]-875.3000000119209, 68.0, -786.1876222084097)
[18:58:08] [Server thread/WARN]: Xx_JPC_xX moved wrongly!
[18:58:42] [Server thread/INFO]: Xx_JPC_xX was slain by Spider
[18:58:48] [Async Chat Thread - #2/INFO]: <Xx_JPC_xX> faaaaak
[18:58:48] [Async Chat Thread - #2/INFO]: <GX_wolf> rip
[18:58:55] [Server thread/INFO]: ------------------------
[18:58:55] [Server thread/INFO]: Server is saved ...
[18:58:55] [Server thread/INFO]: Successfully saved.
[18:58:55] [Server thread/INFO]: ------------------------
[18:58:59] [Async Chat Thread - #2/INFO]: <Xx_JPC_xX> NA BRO
[18:59:00] [Server thread/INFO]: winner1234 was slain by Spider
[18:59:06] [Async Chat Thread - #2/INFO]: <Xx_JPC_xX> THIS SERVER IS WAY TO LAGGY
[18:59:09] [Async Chat Thread - #2/INFO]: <Xx_JPC_xX> IM OUT
[18:59:11] [Server thread/INFO]: Xx_JPC_xX lost connection: Disconnected
[18:59:11] [Server thread/INFO]: Xx_JPC_xX left the game.
[18:59:42] [Thread-15/INFO]: UUID of player Lars is b6a21362-a303-38cf-ae20-de27be4f161f
[18:59:43] [Server thread/INFO]: Lars[/172.31.128.1:42408] logged in with entity id 7999 at ([world]47.30000001192093, 68.0, -284.0049810939354)
[19:00:08] [Server thread/INFO]: winner1234 lost connection: Disconnected
[19:00:08] [Server thread/INFO]: winner1234 left the game.
[19:01:06] [Thread-16/INFO]: UUID of player PrinceLaRose is 5649839b-a0fc-347c-8b6f-81b6dcbdc56f
[19:01:06] [Server thread/INFO]: PrinceLaRose[/172.31.128.1:38768] logged in with entity id 8916 at ([world]-25.30000001192093, 45.0, -88.69999998807907)
[19:01:45] [Server thread/INFO]: PrinceLaRose drowned
[19:01:53] [Async Chat Thread - #3/INFO]: <GX_wolf> rip
[19:02:22] [Server thread/INFO]: PrinceLaRose was blown up by Creeper
[19:02:33] [Async Chat Thread - #3/INFO]: <GX_wolf> rip
[19:02:36] [Server thread/INFO]: PrinceLaRose lost connection: Disconnected
[19:02:36] [Server thread/INFO]: PrinceLaRose left the game.
[19:03:10] [Server thread/INFO]: GX_wolf lost connection: Disconnected
[19:03:10] [Server thread/INFO]: GX_wolf left the game.
[19:03:16] [Thread-17/INFO]: UUID of player GX_wolf is d96daa1f-59a3-34f7-92fc-4d888b1e58b4
[19:03:16] [Server thread/INFO]: GX_wolf[/172.31.128.1:34496] logged in with entity id 9378 at ([world]-137.02110961534004, 63.0, -187.74025712913954)
[19:03:35] [Server thread/INFO]: ------------------------
[19:03:35] [Server thread/INFO]: Server is saved ...
[19:03:35] [Server thread/INFO]: Successfully saved.
[19:03:35] [Server thread/INFO]: ------------------------
[19:04:05] [Thread-18/INFO]: UUID of player ViggYeeish629 is f1051a09-b74d-3461-a885-e2bf4a94cd0a
[19:04:05] [Server thread/INFO]: ViggYeeish629[/172.31.128.1:56664] logged in with entity id 9585 at ([world]-0.2818759660731719, 62.0, -48.53887293726741)
[19:04:11] [Thread-19/INFO]: UUID of player hi_ is 0de7a445-9f6f-32e5-b661-94c7daf64b40
[19:04:11] [Server thread/INFO]: hi_[/172.31.128.1:52320] logged in with entity id 9624 at ([world]1.6207488903601834, 47.0, -813.531519409512)
[19:04:23] [Async Chat Thread - #4/INFO]: <Lars> fuck you hi die bitch
[19:04:31] [Async Chat Thread - #4/INFO]: <GX_wolf> XD
[19:04:41] [Server thread/INFO]: ViggYeeish629 lost connection: Disconnected
[19:04:41] [Server thread/INFO]: ViggYeeish629 left the game.
[19:05:07] [Server thread/INFO]: hi_ has just earned the achievement [Bake Bread]
[19:05:21] [Async Chat Thread - #4/INFO]: <Lars> how you make some real bread bitch
[19:05:37] [Async Chat Thread - #4/INFO]: <GX_wolf> XD
[19:06:18] [Server thread/INFO]: Lars was slain by Zombie
[19:06:25] [Async Chat Thread - #4/INFO]: <GX_wolf> rip
[19:06:27] [Server thread/INFO]: Lars lost connection: Disconnected
[19:06:27] [Server thread/INFO]: Lars left the game.
[19:07:09] [Server thread/WARN]: hi_ moved wrongly!
[19:07:09] [Server thread/WARN]: hi_ moved wrongly!
[19:08:35] [Server thread/INFO]: ------------------------
[19:08:35] [Server thread/INFO]: Server is saved ...
[19:08:36] [Server thread/INFO]: Successfully saved.
[19:08:36] [Server thread/INFO]: ------------------------
[19:08:56] [Async Chat Thread - #5/INFO]: <hi_> so gx wolf you think lars i funny huh
[19:09:07] [Async Chat Thread - #5/INFO]: <GX_wolf> -_-
[19:09:17] [Async Chat Thread - #5/INFO]: <hi_> what
[19:09:21] [Async Chat Thread - #5/INFO]: <GX_wolf> i was just laphing
[19:09:26] [Thread-20/INFO]: UUID of player Lars is b6a21362-a303-38cf-ae20-de27be4f161f
[19:09:26] [Server thread/INFO]: Lars[/172.31.128.1:49262] logged in with entity id 11471 at ([world]204.30000001192093, 16.0, -519.3000000119209)
[19:09:58] [Server thread/INFO]: Lars was slain by GX_wolf
[19:10:01] [Server thread/INFO]: hi_ issued server command: /tell Lars are you doing good
[19:10:27] [Async Chat Thread - #6/INFO]: <hi_> so are you trting to redeem youself
[19:10:43] [Async Chat Thread - #6/INFO]: <GX_wolf> wear are you
[19:11:04] [Async Chat Thread - #6/INFO]: <hi_> if i tell you my cords you won't try and raid the base are you
[19:11:11] [Async Chat Thread - #6/INFO]: <Lars> no
[19:11:12] [Thread-21/INFO]: UUID of player ShadowHXD is 41c32db3-483f-3565-8d4c-1acf54febf20
[19:11:12] [Server thread/INFO]: ShadowHXD[/172.31.128.1:39660] logged in with entity id 12207 at ([world]-12.466820532286203, 63.0, -73.45670616190345)
[19:11:15] [Async Chat Thread - #6/INFO]: <GX_wolf> no
[19:11:18] [Async Chat Thread - #6/INFO]: <hi_> okay
[19:11:21] [Async Chat Thread - #6/INFO]: <ShadowHXD> hi
[19:11:25] [Async Chat Thread - #6/INFO]: <GX_wolf> hi
[19:11:39] [Async Chat Thread - #6/INFO]: <GX_wolf> wesper it
[19:11:44] [Server thread/INFO]: hi_ issued server command: /tell GX_wolf -16 46 -820 in the lake don't leak
[19:12:10] [Async Chat Thread - #6/INFO]: <hi_> you got it
[19:12:18] [Async Chat Thread - #6/INFO]: <GX_wolf> yea
[19:12:30] [Async Chat Thread - #6/INFO]: <hi_> okay just don't hit me im low
[19:12:38] [Async Chat Thread - #6/INFO]: <GX_wolf> ok beat
[19:13:06] [Server thread/INFO]: Lars was slain by Zombie Pigman
[19:13:20] [Async Chat Thread - #6/INFO]: <hi_> lars how are you in the nether
[19:13:35] [Async Chat Thread - #6/INFO]: <Lars> skill issue
[19:13:44] [Server thread/INFO]: ------------------------
[19:13:44] [Server thread/INFO]: Server is saved ...
[19:13:46] [Server thread/INFO]: Successfully saved.
[19:13:46] [Server thread/INFO]: ------------------------
[19:14:16] [Server thread/INFO]: hi_ issued server command: /tell Lars where do want to move the base lazy
[19:16:33] [Async Chat Thread - #7/INFO]: <GX_wolf> wtf
[19:16:45] [Async Chat Thread - #7/INFO]: <hi_> what
[19:17:00] [Async Chat Thread - #7/INFO]: <GX_wolf> nuthing
[19:17:14] [Async Chat Thread - #7/INFO]: <hi_> okay
[19:17:20] [Async Chat Thread - #7/INFO]: <Lars> their planning to raid your base hi hide bruv
[19:17:35] [Server thread/INFO]: hi_ lost connection: Disconnected
[19:17:35] [Server thread/INFO]: hi_ left the game.
[19:17:45] [Thread-22/INFO]: UUID of player hi_ is 0de7a445-9f6f-32e5-b661-94c7daf64b40
[19:17:46] [Server thread/INFO]: hi_[/172.31.128.1:49436] logged in with entity id 16191 at ([world]-0.9742414511431934, 73.0, -789.7129457933338)
[19:18:16] [Async Chat Thread - #7/INFO]: <hi_> why are you helping
[19:18:24] [Async Chat Thread - #7/INFO]: <GX_wolf> wydm
[19:18:41] [Server thread/INFO]: hi_ was slain by Zombie
[19:18:45] [Async Chat Thread - #7/INFO]: <GX_wolf> rip
[19:18:46] [Async Chat Thread - #7/INFO]: <Lars> noooooo
[19:18:54] [Async Chat Thread - #7/INFO]: <Lars> rip hi
[19:18:59] [Server thread/INFO]: ------------------------
[19:18:59] [Server thread/INFO]: Server is saved ...
[19:18:59] [Server thread/INFO]: Successfully saved.
[19:18:59] [Server thread/INFO]: ------------------------
[19:19:12] [Server thread/INFO]: hi_ lost connection: Disconnected
[19:19:12] [Server thread/INFO]: hi_ left the game.
[19:19:14] [Thread-23/INFO]: UUID of player EaglerDeev556 is 67a6b6a3-a713-3143-bfd5-88e52613d901
[19:19:14] [Server thread/INFO]: EaglerDeev556[/172.31.128.1:46914] logged in with entity id 16850 at ([world]-12.5, 62.0, -70.5)
[19:19:27] [Async Chat Thread - #7/INFO]: <GX_wolf> XD
[19:19:30] [Server thread/INFO]: EaglerDeev556 lost connection: Disconnected
[19:19:30] [Server thread/INFO]: EaglerDeev556 left the game.
[19:20:39] [Async Chat Thread - #8/INFO]: <GX_wolf> oh i think we passd it
[19:21:30] [Async Chat Thread - #8/INFO]: <GX_wolf> -17 and -820
[19:21:45] [Async Chat Thread - #8/INFO]: <GX_wolf> wear my dog
[19:22:27] [Server thread/INFO]: Lars lost connection: Disconnected
[19:22:27] [Server thread/INFO]: Lars left the game.
[19:22:55] [Async Chat Thread - #9/INFO]: <GX_wolf> woah
[19:24:01] [Server thread/INFO]: ------------------------
[19:24:01] [Server thread/INFO]: Server is saved ...
[19:24:02] [Server thread/INFO]: Successfully saved.
[19:24:02] [Server thread/INFO]: ------------------------
[19:24:02] [Async Chat Thread - #10/INFO]: <ShadowHXD> i need food
[19:24:36] [Async Chat Thread - #10/INFO]: <GX_wolf> you good
[19:25:11] [Async Chat Thread - #10/INFO]: <ShadowHXD> wow
[19:25:18] [Async Chat Thread - #10/INFO]: <GX_wolf> simple
[19:25:40] [Async Chat Thread - #10/INFO]: <GX_wolf> its two creppers
[19:25:42] [Server thread/INFO]: jrip lost connection: Disconnected
[19:25:42] [Server thread/INFO]: jrip left the game.
[19:26:10] [Thread-24/INFO]: UUID of player djt974 is fa63a97a-e6ef-34d8-a6b5-7450103bc876
[19:26:10] [Server thread/INFO]: djt974[/172.31.128.1:45076] logged in with entity id 18756 at ([world]-14.5, 60.0, -60.5)
[19:26:11] [Async Chat Thread - #10/INFO]: <GX_wolf> lo
[19:26:37] [Async Chat Thread - #10/INFO]: <GX_wolf> see
[19:26:49] [Async Chat Thread - #10/INFO]: <GX_wolf> i need some planks
[19:26:51] [Server thread/INFO]: djt974 fell from a high place
[19:26:56] [Async Chat Thread - #10/INFO]: <GX_wolf> rip
[19:27:45] [Async Chat Thread - #10/INFO]: <GX_wolf> dont die
[19:28:32] [Async Chat Thread - #10/INFO]: <GX_wolf> whao
[19:29:03] [Server thread/INFO]: ------------------------
[19:29:03] [Server thread/INFO]: Server is saved ...
[19:29:03] [Async Chat Thread - #10/INFO]: <GX_wolf> we need torches
[19:29:03] [Server thread/INFO]: Successfully saved.
[19:29:03] [Server thread/INFO]: ------------------------
[19:29:12] [Thread-25/INFO]: UUID of player ViggYeeish629 is f1051a09-b74d-3461-a885-e2bf4a94cd0a
[19:29:12] [Server thread/INFO]: ViggYeeish629[/172.31.128.1:48722] logged in with entity id 19633 at ([world]-0.2818759660731719, 62.0, -48.53887293726741)
[19:29:20] [Async Chat Thread - #10/INFO]: <GX_wolf> bruh
[19:29:31] [Async Chat Thread - #10/INFO]: <GX_wolf> you got planks
[19:29:42] [Async Chat Thread - #10/INFO]: <ShadowHXD> no
[19:29:45] [Async Chat Thread - #10/INFO]: <GX_wolf> ok
[19:30:12] [Server thread/INFO]: ViggYeeish629 lost connection: Disconnected
[19:30:12] [Server thread/INFO]: ViggYeeish629 left the game.
[19:30:53] [Async Chat Thread - #11/INFO]: <GX_wolf> i need a crafting tabel
[19:31:02] [Async Chat Thread - #11/INFO]: <GX_wolf> thanks
[19:31:30] [Async Chat Thread - #11/INFO]: <GX_wolf> you got stiks
[19:31:42] [Async Chat Thread - #11/INFO]: <GX_wolf> thanks
[19:32:41] [Async Chat Thread - #11/INFO]: <ShadowHXD> wow
[19:32:49] [Async Chat Thread - #11/INFO]: <GX_wolf> what?
[19:34:04] [Server thread/INFO]: ------------------------
[19:34:04] [Server thread/INFO]: Server is saved ...
[19:34:05] [Server thread/INFO]: Successfully saved.
[19:34:05] [Server thread/INFO]: ------------------------
[19:35:06] [Thread-26/INFO]: UUID of player YeeishDarver895 is 97304cd8-11da-39ba-9eb3-a53f83c72129
[19:35:06] [Server thread/INFO]: YeeishDarver895[/172.31.128.1:54610] logged in with entity id 20591 at ([world]-9.5, 67.0, -65.5)
[19:35:09] [Server thread/INFO]: YeeishDarver895 has just earned the achievement [Taking Inventory]
[19:35:26] [Server thread/INFO]: YeeishDarver895 fell from a high place
[19:35:38] [Async Chat Thread - #12/INFO]: <YeeishDarver895> wsp
[19:35:47] [Server thread/INFO]: YeeishDarver895 lost connection: Disconnected
[19:35:47] [Server thread/INFO]: YeeishDarver895 left the game.
[19:37:14] [Server thread/INFO]: djt974 drowned
[19:37:25] [Async Chat Thread - #13/INFO]: <GX_wolf> rip
[19:38:05] [Server thread/INFO]: djt974 fell from a high place
[19:38:57] [Async Chat Thread - #14/INFO]: <GX_wolf> shuld we go back to serfuce
[19:38:59] [Async Chat Thread - #14/INFO]: <GX_wolf> afk
[19:39:05] [Server thread/INFO]: ------------------------
[19:39:05] [Server thread/INFO]: Server is saved ...
[19:39:05] [Server thread/INFO]: Successfully saved.
[19:39:05] [Server thread/INFO]: ------------------------
[19:39:52] [Async Chat Thread - #14/INFO]: <GX_wolf> back
[19:40:09] [Async Chat Thread - #14/INFO]: <GX_wolf> lets go back to serfuce
[19:40:20] [Async Chat Thread - #14/INFO]: <ShadowHXD> yes back
[19:40:27] [Async Chat Thread - #14/INFO]: <GX_wolf> ok
[19:42:02] [Async Chat Thread - #15/INFO]: <GX_wolf> wear we go? XD
[19:43:06] [Async Chat Thread - #16/INFO]: <GX_wolf> oh shit
[19:44:07] [Server thread/INFO]: ------------------------
[19:44:07] [Server thread/INFO]: Server is saved ...
[19:44:07] [Server thread/INFO]: Successfully saved.
[19:44:07] [Server thread/INFO]: ------------------------
[19:45:45] [Async Chat Thread - #17/INFO]: <GX_wolf> i think wear lost
[19:47:37] [Async Chat Thread - #18/INFO]: <ShadowHXD> thanks
[19:47:40] [Async Chat Thread - #18/INFO]: <GX_wolf> yea
[19:47:59] [Server thread/INFO]: djt974 was shot by Skeleton
[19:48:20] [Async Chat Thread - #18/INFO]: <GX_wolf> you know the way out
[19:48:26] [Async Chat Thread - #18/INFO]: <ShadowHXD> No
[19:49:09] [Server thread/INFO]: ------------------------
[19:49:09] [Server thread/INFO]: Server is saved ...
[19:49:09] [Server thread/INFO]: Successfully saved.
[19:49:09] [Server thread/INFO]: ------------------------
[19:49:29] [Async Chat Thread - #19/INFO]: <GX_wolf> get ready
[19:50:26] [Async Chat Thread - #19/INFO]: <GX_wolf> im so laggy
[19:50:29] [Async Chat Thread - #19/INFO]: <GX_wolf> brb
[19:50:31] [Server thread/INFO]: GX_wolf lost connection: Disconnected
[19:50:31] [Server thread/INFO]: GX_wolf left the game.
[19:50:43] [Thread-27/INFO]: UUID of player GX_wolf is d96daa1f-59a3-34f7-92fc-4d888b1e58b4
[19:50:44] [Server thread/INFO]: GX_wolf[/172.31.128.1:59818] logged in with entity id 23972 at ([world]43.72515841352456, 39.0, -966.1600149760641)
[19:50:55] [Server thread/INFO]: djt974 has just earned the achievement [Taking Inventory]
[19:52:08] [Server thread/INFO]: djt974 has just earned the achievement [Getting Wood]
[19:52:54] [Async Chat Thread - #20/INFO]: <GX_wolf> im olmost dead
[19:52:57] [Async Chat Thread - #20/INFO]: <GX_wolf> gtg
[19:53:00] [Async Chat Thread - #20/INFO]: <GX_wolf> bye
[19:53:08] [Server thread/INFO]: GX_wolf lost connection: Disconnected
[19:53:08] [Server thread/INFO]: GX_wolf left the game.
[19:53:47] [Server thread/INFO]: ShadowHXD lost connection: Disconnected
[19:53:47] [Server thread/INFO]: ShadowHXD left the game.
[19:54:10] [Server thread/INFO]: ------------------------
[19:54:10] [Server thread/INFO]: Server is saved ...
[19:54:10] [Server thread/INFO]: Successfully saved.
[19:54:10] [Server thread/INFO]: ------------------------
[19:56:18] [Thread-28/INFO]: UUID of player ShadowHXD is 41c32db3-483f-3565-8d4c-1acf54febf20
[19:56:18] [Server thread/INFO]: ShadowHXD[/172.31.128.1:37854] logged in with entity id 24413 at ([world]82.6924325943105, 58.0, -922.6999999880791)
[19:56:27] [Server thread/INFO]: ShadowHXD lost connection: Disconnected
[19:56:27] [Server thread/INFO]: ShadowHXD left the game.
[19:56:34] [Thread-29/INFO]: UUID of player GX_wolf is d96daa1f-59a3-34f7-92fc-4d888b1e58b4
[19:56:35] [Server thread/INFO]: GX_wolf[/172.31.128.1:50412] logged in with entity id 24471 at ([world]51.300000011920915, 59.0, -911.3000000119209)
[19:56:50] [Server thread/INFO]: GX_wolf lost connection: Disconnected
[19:56:50] [Server thread/INFO]: GX_wolf left the game.
[19:56:55] [Thread-30/INFO]: UUID of player GX_wolf is d96daa1f-59a3-34f7-92fc-4d888b1e58b4
[19:56:55] [Server thread/INFO]: GX_wolf[/172.31.128.1:40438] logged in with entity id 24581 at ([world]51.300000011920915, 59.0, -911.3000000119209)
[19:57:36] [Server thread/INFO]: GX_wolf lost connection: Disconnected
[19:57:36] [Server thread/INFO]: GX_wolf left the game.
[19:57:52] [Thread-31/INFO]: UUID of player GX_wolf is d96daa1f-59a3-34f7-92fc-4d888b1e58b4
[19:57:52] [Server thread/INFO]: GX_wolf[/172.31.128.1:40812] logged in with entity id 24790 at ([world]51.300000011920915, 59.0, -911.3000000119209)
[19:57:57] [Server thread/INFO]: djt974 was slain by Spider
[19:58:51] [Server thread/INFO]: GX_wolf lost connection: Disconnected
[19:58:51] [Server thread/INFO]: GX_wolf left the game.
[19:59:11] [Server thread/INFO]: ------------------------
[19:59:11] [Server thread/INFO]: Server is saved ...
[19:59:11] [Server thread/INFO]: Successfully saved.
[19:59:11] [Server thread/INFO]: ------------------------
[19:59:43] [Thread-32/INFO]: UUID of player winner1234 is 31006f1b-47ba-37a8-8241-251d4126eb1b
[19:59:43] [Server thread/INFO]: winner1234[/172.31.128.1:54692] logged in with entity id 25478 at ([world]-20.036026627340807, 61.0, -90.13943442677828)
[20:00:00] [Async Chat Thread - #21/INFO]: <winner1234> hi
[20:00:01] [Thread-33/INFO]: UUID of player DarvlerDeev977 is 266699b5-f556-39fb-bc87-8f49b848883d
[20:00:01] [Server thread/INFO]: DarvlerDeev977[/172.31.128.1:54994] logged in with entity id 25520 at ([world]-15.5, 61.0, -67.5)
[20:00:16] [Server thread/INFO]: djt974 was slain by winner1234
[20:00:28] [Server thread/INFO]: DarvlerDeev977 was shot by Skeleton
[20:00:31] [Server thread/INFO]: DarvlerDeev977 has just earned the achievement [Taking Inventory]
[20:00:50] [Server thread/INFO]: winner1234 was slain by Zombie
[20:01:00] [Server thread/INFO]: winner1234 lost connection: Disconnected
[20:01:00] [Server thread/INFO]: winner1234 left the game.
[20:01:54] [Server thread/INFO]: DarvlerDeev977 hit the ground too hard
[20:02:21] [Server thread/INFO]: djt974 was slain by Zombie
[20:02:23] [Server thread/INFO]: DarvlerDeev977 fell from a high place
[20:02:32] [Thread-34/INFO]: UUID of player YeeishYeeg974 is f592bfbd-8a62-38e4-823f-496cb5313c49
[20:02:33] [Server thread/INFO]: YeeishYeeg974[/172.31.128.1:37266] logged in with entity id 25780 at ([world]-28.5, 63.0, -67.5)
[20:02:39] [Async Chat Thread - #22/INFO]: <djt974> DarvlerDeev977 lets go to the sky base
[20:02:41] [Server thread/INFO]: YeeishYeeg974 lost connection: Internal Exception: java.io.IOException: Connection reset by peer
[20:02:41] [Server thread/INFO]: YeeishYeeg974 left the game.
[20:02:47] [Async Chat Thread - #22/INFO]: <djt974> nvm
[20:02:52] [Server thread/INFO]: DarvlerDeev977 lost connection: Disconnected
[20:02:52] [Server thread/INFO]: DarvlerDeev977 left the game.
[20:03:05] [Server thread/INFO]: djt974 fell from a high place
[20:04:07] [Server thread/INFO]: djt974 was blown up by Creeper
[20:04:12] [Server thread/INFO]: ------------------------
[20:04:12] [Server thread/INFO]: Server is saved ...
[20:04:12] [Server thread/INFO]: Successfully saved.
[20:04:12] [Server thread/INFO]: ------------------------
[20:04:47] [Thread-35/INFO]: UUID of player Anonymous is 3ee37748-abee-3384-9816-187788664751
[20:04:48] [Server thread/INFO]: Anonymous[/172.31.128.1:60074] logged in with entity id 25876 at ([world]-27.74941876615622, 81.0, -465.69999998807907)
[20:04:59] [Server thread/INFO]: Anonymous suffocated in a wall
[20:06:27] [Thread-36/INFO]: UUID of player Lars is b6a21362-a303-38cf-ae20-de27be4f161f
[20:06:27] [Server thread/INFO]: Lars[/172.31.128.1:52234] logged in with entity id 26108 at ([world]205.75248275135064, 15.0, -519.458378876722)
[20:06:32] [Server thread/INFO]: djt974 hit the ground too hard
[20:06:40] [Server thread/INFO]: Lars has just earned the achievement [Taking Inventory]
[20:07:03] [Server thread/INFO]: djt974 was slain by Zombie
[20:07:23] [Async Chat Thread - #23/INFO]: <Lars> your supposed to stay alive in this game
[20:07:33] [Server thread/INFO]: Lars lost connection: Disconnected
[20:07:33] [Server thread/INFO]: Lars left the game.
[20:09:13] [Server thread/INFO]: ------------------------
[20:09:13] [Server thread/INFO]: Server is saved ...
[20:09:13] [Server thread/INFO]: Successfully saved.
[20:09:13] [Server thread/INFO]: ------------------------
[20:10:42] [Async Chat Thread - #24/INFO]: <djt974> Anonymous
[20:10:57] [Async Chat Thread - #24/INFO]: <djt974> wanna work together
[20:11:15] [Async Chat Thread - #24/INFO]: <Anonymous> thanks
[20:11:20] [Async Chat Thread - #24/INFO]: <djt974> no prob
[20:11:43] [Server thread/INFO]: Anonymous has just earned the achievement [Monster Hunter]
[20:12:11] [Async Chat Thread - #24/INFO]: <Anonymous> ima go find some wood
[20:12:23] [Thread-37/INFO]: UUID of player mystopen is d063b65e-2052-354f-b9f2-75288f5c4544
[20:12:23] [Server thread/INFO]: mystopen[/172.31.128.1:56242] logged in with entity id 27165 at ([world]-17.69999998807907, 60.0, -70.57868041897754)
[20:12:39] [Server thread/INFO]: mystopen issued server command: /kit tools
[20:12:45] [Server thread/INFO]: mystopen issued server command: /help
[20:12:45] [Async Chat Thread - #24/INFO]: <djt974> ww
[20:13:00] [Server thread/INFO]: mystopen issued server command: /kit tool
[20:13:06] [Server thread/INFO]: mystopen lost connection: Disconnected
[20:13:06] [Server thread/INFO]: mystopen left the game.
[20:14:13] [Server thread/INFO]: ------------------------
[20:14:13] [Server thread/INFO]: Server is saved ...
[20:14:14] [Server thread/INFO]: Successfully saved.
[20:14:14] [Server thread/INFO]: ------------------------
[20:15:18] [Server thread/INFO]: Anonymous has just earned the achievement [Cow Tipper]
[20:16:53] [Server thread/INFO]: djt974 fell from a high place
[20:16:59] [Server thread/INFO]: djt974 lost connection: Internal Exception: java.io.IOException: Broken pipe
[20:16:59] [Server thread/INFO]: djt974 left the game.
[20:17:45] [Server thread/INFO]: Anonymous was blown up by Creeper
[20:19:12] [Thread-38/INFO]: UUID of player Lars is b6a21362-a303-38cf-ae20-de27be4f161f
[20:19:12] [Server thread/INFO]: Lars[/172.31.128.1:45790] logged in with entity id 28884 at ([world]192.5853919817152, 27.0, -519.5682057037075)
[20:19:14] [Server thread/INFO]: ------------------------
[20:19:14] [Server thread/INFO]: Server is saved ...
[20:19:14] [Server thread/INFO]: Successfully saved.
[20:19:14] [Server thread/INFO]: ------------------------
[20:19:23] [Server thread/INFO]: Anonymous drowned
[20:24:14] [Server thread/INFO]: ------------------------
[20:24:14] [Server thread/INFO]: Server is saved ...
[20:24:15] [Server thread/INFO]: Successfully saved.
[20:24:15] [Server thread/INFO]: ------------------------
[20:27:48] [Thread-39/INFO]: UUID of player DarvlerDeev977 is 266699b5-f556-39fb-bc87-8f49b848883d
[20:27:48] [Server thread/INFO]: DarvlerDeev977[/172.31.128.1:39484] logged in with entity id 30719 at ([world]-16.514233162020517, 59.0, -51.523661582746456)
[20:27:52] [Server thread/INFO]: Anonymous was blown up by Creeper
[20:28:19] [Server thread/INFO]: Lars hit the ground too hard
[20:29:04] [Server thread/INFO]: DarvlerDeev977 lost connection: Disconnected
[20:29:04] [Server thread/INFO]: DarvlerDeev977 left the game.
[20:29:16] [Server thread/INFO]: ------------------------
[20:29:16] [Server thread/INFO]: Server is saved ...
[20:29:16] [Server thread/INFO]: Successfully saved.
[20:29:16] [Server thread/INFO]: ------------------------
[20:31:33] [Server thread/INFO]: Lars tried to swim in lava
[20:34:09] [Thread-40/INFO]: UUID of player GX_wolf is d96daa1f-59a3-34f7-92fc-4d888b1e58b4
[20:34:09] [Server thread/INFO]: GX_wolf[/172.31.128.1:60372] logged in with entity id 33639 at ([world]51.300000011920915, 59.0, -911.3000000119209)
[20:34:23] [Server thread/INFO]: ------------------------
[20:34:23] [Server thread/INFO]: Server is saved ...
[20:34:23] [Server thread/INFO]: Successfully saved.
[20:34:23] [Server thread/INFO]: ------------------------
[20:35:44] [Thread-41/INFO]: UUID of player DarvlerDeev977 is 266699b5-f556-39fb-bc87-8f49b848883d
[20:35:44] [Server thread/INFO]: DarvlerDeev977[/172.31.128.1:39088] logged in with entity id 34031 at ([world]-31.475194422201234, 49.0, -78.95022721468496)
[20:35:57] [Thread-42/INFO]: UUID of player DaRealFishStick is 0050a673-b634-3322-b78e-2aaeaff25674
[20:35:57] [Server thread/INFO]: DaRealFishStick[/172.31.128.1:51598] logged in with entity id 34320 at ([world]-983.4222649470875, 8.0, -772.5838782757914)
[20:36:03] [Server thread/INFO]: DarvlerDeev977 fell from a high place
[20:36:44] [Thread-43/INFO]: UUID of player EaglVool221 is beeb4bf6-76af-3757-a71b-e8a5c09490e9
[20:36:44] [Server thread/INFO]: EaglVool221[/172.31.128.1:37736] logged in with entity id 35053 at ([world]-17.5, 61.0, -66.5)
[20:37:01] [Server thread/INFO]: EaglVool221 lost connection: Disconnected
[20:37:01] [Server thread/INFO]: EaglVool221 left the game.
[20:37:58] [Server thread/INFO]: DarvlerDeev977 lost connection: Internal Exception: java.io.IOException: Connection reset by peer
[20:37:58] [Server thread/INFO]: DarvlerDeev977 left the game.
[20:38:16] [Server thread/INFO]: Lars fell from a high place
[20:38:21] [Server thread/INFO]: GX_wolf lost connection: Disconnected
[20:38:21] [Server thread/INFO]: GX_wolf left the game.
[20:39:19] [Server thread/INFO]: ------------------------
[20:39:19] [Server thread/INFO]: Server is saved ...
[20:39:19] [Server thread/INFO]: Successfully saved.
[20:39:19] [Server thread/INFO]: ------------------------
[20:39:22] [Server thread/INFO]: Anonymous lost connection: Disconnected
[20:39:22] [Server thread/INFO]: Anonymous left the game.
[20:41:20] [Server thread/INFO]: DaRealFishStick lost connection: Disconnected
[20:41:20] [Server thread/INFO]: DaRealFishStick left the game.
[20:44:04] [Thread-44/INFO]: UUID of player Mans_black_ is 55220833-097c-3842-99df-9e10eebc4f72
[20:44:04] [Server thread/INFO]: Mans_black_[/172.31.128.1:54608] logged in with entity id 36394 at ([world]-19.5, 61.0, -72.5)
[20:44:12] [Server thread/INFO]: Mans_black_ has just earned the achievement [Taking Inventory]
[20:44:20] [Server thread/INFO]: ------------------------
[20:44:20] [Server thread/INFO]: Server is saved ...
[20:44:20] [Server thread/INFO]: Successfully saved.
[20:44:20] [Server thread/INFO]: ------------------------
[20:46:08] [Thread-45/INFO]: UUID of player Unspeakfan is 88dc266b-e510-3324-b874-76aff3b943a2
[20:46:08] [Server thread/INFO]: Unspeakfan[/172.31.128.1:43678] logged in with entity id 36895 at ([world]-10.5, 66.0, -63.5)
[20:46:18] [Server thread/INFO]: Unspeakfan has just earned the achievement [Taking Inventory]
[20:46:29] [Server thread/INFO]: Unspeakfan issued server command: /gamemode c
[20:46:41] [Server thread/INFO]: Unspeakfan lost connection: Disconnected
[20:46:41] [Server thread/INFO]: Unspeakfan left the game.
[20:46:59] [Thread-46/INFO]: UUID of player frost_Fang_698 is 4a9baccc-aae5-3648-a660-1d20e8f4c847
[20:47:00] [Server thread/INFO]: frost_Fang_698[/172.31.128.1:50334] logged in with entity id 37085 at ([world]-295.25840949392597, 71.0, -605.2466097110251)
[20:47:07] [Server thread/INFO]: Mans_black_ lost connection: Disconnected
[20:47:07] [Server thread/INFO]: Mans_black_ left the game.
[20:47:52] [Thread-47/INFO]: UUID of player Iron_spider is f38e1890-8fc3-316a-bfcb-d3f0fbd01c5d
[20:47:52] [Server thread/INFO]: Iron_spider[/172.31.128.1:58194] logged in with entity id 37353 at ([world]-23.5, 61.0, -76.5)
[20:48:11] [Server thread/INFO]: Lars was slain by Zombie Pigman
[20:48:46] [Thread-48/INFO]: UUID of player Mans_black_ is 55220833-097c-3842-99df-9e10eebc4f72
[20:48:46] [Server thread/INFO]: Mans_black_[/172.31.128.1:37502] logged in with entity id 37819 at ([world]5.379549999041804, 54.0, -63.2746147416904)
[20:49:17] [Server thread/INFO]: Lars lost connection: Disconnected
[20:49:17] [Server thread/INFO]: Lars left the game.
[20:49:19] [Thread-49/INFO]: UUID of player DaRealFishStick is 0050a673-b634-3322-b78e-2aaeaff25674
[20:49:19] [Server thread/INFO]: DaRealFishStick[/172.31.128.1:41178] logged in with entity id 38112 at ([world]-988.9453300846271, 13.0625, -999.0488168368701)
[20:49:21] [Server thread/INFO]: ------------------------
[20:49:21] [Server thread/INFO]: Server is saved ...
[20:49:21] [Server thread/INFO]: Successfully saved.
[20:49:21] [Server thread/INFO]: ------------------------
[20:49:36] [Server thread/INFO]: Iron_spider has just earned the achievement [Taking Inventory]
[20:50:06] [Thread-50/INFO]: UUID of player Unspeakfan is 88dc266b-e510-3324-b874-76aff3b943a2
[20:50:07] [Server thread/INFO]: Unspeakfan[/172.31.128.1:40720] logged in with entity id 38707 at ([world]-10.438068058786307, 68.0, -66.53154418703315)
[20:50:17] [Thread-51/INFO]: UUID of player DarvlerDarver496 is 1c4a37c3-2ec4-3cd0-9455-4712356f03f5
[20:50:17] [Server thread/INFO]: DarvlerDarver496[/172.31.128.1:46798] logged in with entity id 38839 at ([world]-13.5, 62.0, -68.5)
[20:50:26] [Server thread/INFO]: Mans_black_ was slain by Spider
[20:50:44] [Server thread/INFO]: DarvlerDarver496 fell from a high place
[20:51:12] [Server thread/INFO]: Iron_spider fell from a high place
[20:51:22] [Server thread/INFO]: Mans_black_ fell from a high place
[20:51:32] [Async Chat Thread - #25/INFO]: <Iron_spider> hi
[20:52:47] [Server thread/INFO]: DarvlerDarver496 lost connection: Timed out
[20:52:47] [Server thread/INFO]: DarvlerDarver496 left the game.
[20:53:00] [Server thread/INFO]: DaRealFishStick lost connection: Disconnected
[20:53:00] [Server thread/INFO]: DaRealFishStick left the game.
[20:53:41] [Async Chat Thread - #26/INFO]: <Iron_spider> t
[20:53:51] [Server thread/INFO]: Unspeakfan lost connection: Disconnected
[20:53:51] [Server thread/INFO]: Unspeakfan left the game.
[20:54:23] [Server thread/INFO]: ------------------------
[20:54:23] [Server thread/INFO]: Server is saved ...
[20:54:23] [Server thread/INFO]: Successfully saved.
[20:54:23] [Server thread/INFO]: ------------------------
[20:55:21] [Server thread/INFO]: Mans_black_ has just earned the achievement [Getting Wood]
[20:57:20] [Server thread/INFO]: Iron_spider issued server command: /gamemode c
[20:57:45] [Server thread/INFO]: frost_Fang_698 lost connection: Internal Exception: java.io.IOException: Connection reset by peer
[20:57:45] [Server thread/INFO]: frost_Fang_698 left the game.
[20:57:48] [Thread-52/INFO]: UUID of player frost_Fang_698 is 4a9baccc-aae5-3648-a660-1d20e8f4c847
[20:57:48] [Server thread/INFO]: frost_Fang_698[/172.31.128.1:39482] logged in with entity id 46098 at ([world]-774.3523710314622, 65.0, -736.4435397686566)
[20:58:21] [Server thread/INFO]: Mans_black_ lost connection: Disconnected
[20:58:21] [Server thread/INFO]: Mans_black_ left the game.
[20:59:53] [Server thread/INFO]: ------------------------
[20:59:53] [Server thread/INFO]: Server is saved ...
[20:59:55] [Server thread/INFO]: Successfully saved.
[20:59:55] [Server thread/INFO]: ------------------------
[21:00:52] [Server thread/INFO]: frost_Fang_698 lost connection: Disconnected
[21:00:52] [Server thread/INFO]: frost_Fang_698 left the game.
[21:00:57] [Thread-53/INFO]: UUID of player frost_Fang_698 is 4a9baccc-aae5-3648-a660-1d20e8f4c847
[21:00:58] [Server thread/INFO]: frost_Fang_698[/172.31.128.1:33316] logged in with entity id 46691 at ([world]-763.2946971700227, 64.0, -735.4132029223657)
[21:01:31] [Server thread/INFO]: frost_Fang_698 lost connection: Disconnected
[21:01:31] [Server thread/INFO]: frost_Fang_698 left the game.
[21:01:34] [Server thread/INFO]: Iron_spider lost connection: Disconnected
[21:01:34] [Server thread/INFO]: Iron_spider left the game.
[21:04:24] [Server thread/INFO]: ------------------------
[21:04:24] [Server thread/INFO]: Server is saved ...
[21:04:24] [Server thread/INFO]: Successfully saved.
[21:04:24] [Server thread/INFO]: ------------------------
[21:05:57] [Thread-54/INFO]: UUID of player DarvlerDarver496 is 1c4a37c3-2ec4-3cd0-9455-4712356f03f5
[21:05:57] [Server thread/INFO]: DarvlerDarver496[/172.31.128.1:57954] logged in with entity id 46966 at ([world]-18.5, 60.0, -69.5)
[21:06:23] [Server thread/INFO]: DarvlerDarver496 lost connection: Disconnected
[21:06:23] [Server thread/INFO]: DarvlerDarver496 left the game.
[21:07:16] [Thread-55/INFO]: UUID of player YiggYeeler556 is 32258cc3-53bf-3ed1-8a86-099d6145f690
[21:07:16] [Server thread/INFO]: YiggYeeler556[/172.31.128.1:36938] logged in with entity id 47059 at ([world]-10.5, 67.0, -64.5)
[21:07:51] [Server thread/INFO]: YiggYeeler556 lost connection: Disconnected
[21:07:51] [Server thread/INFO]: YiggYeeler556 left the game.
[21:09:24] [Server thread/INFO]: ------------------------
[21:09:24] [Server thread/INFO]: Server is saved ...
[21:09:24] [Server thread/INFO]: Successfully saved.
[21:09:24] [Server thread/INFO]: ------------------------
[21:12:38] [Thread-56/INFO]: UUID of player YeeYee587 is cc340e45-256e-3cc3-aa38-ee9ed086b8a8
[21:12:38] [Server thread/INFO]: YeeYee587[/172.31.128.1:36138] logged in with entity id 47131 at ([world]-16.5, 61.0, -77.5)
[21:12:46] [Server thread/INFO]: YeeYee587 lost connection: Disconnected
[21:12:46] [Server thread/INFO]: YeeYee587 left the game.
[21:14:24] [Server thread/INFO]: ------------------------
[21:14:24] [Server thread/INFO]: Server is saved ...
[21:14:24] [Server thread/INFO]: Successfully saved.
[21:14:24] [Server thread/INFO]: ------------------------
[21:16:59] [Thread-57/INFO]: UUID of player frost_Fang_698 is 4a9baccc-aae5-3648-a660-1d20e8f4c847
[21:16:59] [Server thread/INFO]: frost_Fang_698[/172.31.128.1:48846] logged in with entity id 47157 at ([world]-760.6999999880791, 68.0, -723.3004492583083)
[21:17:18] [Server thread/INFO]: frost_Fang_698 lost connection: Disconnected
[21:17:18] [Server thread/INFO]: frost_Fang_698 left the game.
[21:18:32] [Thread-58/INFO]: UUID of player frost_Fang_698 is 4a9baccc-aae5-3648-a660-1d20e8f4c847
[21:18:32] [Server thread/INFO]: frost_Fang_698[/172.31.128.1:46806] logged in with entity id 47283 at ([world]-760.6999999880791, 68.0, -723.3004492583083)
[21:19:25] [Server thread/INFO]: ------------------------
[21:19:25] [Server thread/INFO]: Server is saved ...
[21:19:25] [Server thread/INFO]: Successfully saved.
[21:19:25] [Server thread/INFO]: ------------------------
[21:24:25] [Server thread/INFO]: ------------------------
[21:24:25] [Server thread/INFO]: Server is saved ...
[21:24:25] [Server thread/INFO]: Successfully saved.
[21:24:25] [Server thread/INFO]: ------------------------
[21:28:34] [Thread-59/INFO]: UUID of player YeeVigg506 is ad0ad346-9c72-3d97-a905-ffbfe716f669
[21:28:34] [Server thread/INFO]: YeeVigg506[/172.31.128.1:40920] logged in with entity id 48164 at ([world]-21.5, 61.0, -77.5)
[21:28:51] [Server thread/INFO]: YeeVigg506 lost connection: Disconnected
[21:28:51] [Server thread/INFO]: YeeVigg506 left the game.
[21:29:12] [Server thread/WARN]: frost_Fang_698 moved wrongly!
[21:29:25] [Server thread/INFO]: ------------------------
[21:29:25] [Server thread/INFO]: Server is saved ...
[21:29:25] [Server thread/INFO]: Successfully saved.
[21:29:25] [Server thread/INFO]: ------------------------
[21:29:42] [Server thread/WARN]: Wrong location for EntityChicken['Chicken'/48845, l='world', x=-800.46, y=17.00, z=-848.07] in world 'world'!
[21:29:42] [Server thread/WARN]: Entity is at -800.4563427316523,-848.0720405403525 (chunk -51,-54) but was stored in chunk -51,-53
[21:32:04] [Server thread/INFO]: frost_Fang_698 has just earned the achievement [Acquire Hardware]
[21:32:40] [Thread-60/INFO]: UUID of player drip is dd72d15a-50ef-35cb-951e-8fc687444a88
[21:32:41] [Server thread/INFO]: drip[/172.31.128.1:43120] logged in with entity id 49283 at ([world]-18.5, 61.059999942779456, -69.5)
[21:32:45] [Server thread/INFO]: drip lost connection: Internal Exception: java.io.IOException: Broken pipe
[21:32:45] [Server thread/INFO]: drip left the game.
[21:33:19] [Thread-61/INFO]: UUID of player Fusion681 is be2704fa-1f63-30b5-918e-1bf23ac3b277
[21:33:19] [Server thread/INFO]: Fusion681[/172.31.128.1:39620] logged in with entity id 49627 at ([world]-675.6999999880791, 66.0, -653.9924869973745)
[21:33:31] [Server thread/INFO]: frost_Fang_698 lost connection: Disconnected
[21:33:31] [Server thread/INFO]: frost_Fang_698 left the game.
[21:33:37] [Server thread/INFO]: Fusion681 fell from a high place
[21:33:44] [Server thread/INFO]: Fusion681 lost connection: Internal Exception: java.io.IOException: Broken pipe
[21:33:44] [Server thread/INFO]: Fusion681 left the game.
[21:33:57] [Thread-62/INFO]: UUID of player johnadam is a03bb9a8-50d9-3845-9537-bc14a7b67a30
[21:33:58] [Server thread/INFO]: johnadam[/172.31.128.1:51542] logged in with entity id 50068 at ([world]-736.0341838078058, 65.0, -779.2684432762856)
[21:34:26] [Server thread/INFO]: ------------------------
[21:34:26] [Server thread/INFO]: Server is saved ...
[21:34:26] [Server thread/INFO]: Successfully saved.
[21:34:26] [Server thread/INFO]: ------------------------
[21:34:57] [Server thread/WARN]: johnadam moved wrongly!
[21:39:21] [Server thread/INFO]: johnadam tried to swim in lava
[21:39:26] [Server thread/INFO]: ------------------------
[21:39:26] [Server thread/INFO]: Server is saved ...
[21:39:26] [Server thread/INFO]: Successfully saved.
[21:39:26] [Server thread/INFO]: ------------------------
[21:39:53] [Server thread/INFO]: johnadam lost connection: Disconnected
[21:39:53] [Server thread/INFO]: johnadam left the game.
[21:41:38] [Thread-63/INFO]: UUID of player EaglYeer691 is 3bcbf176-6910-32e3-a0fe-f4ad15cde4e6
[21:41:38] [Server thread/INFO]: EaglYeer691[/172.31.128.1:43776] logged in with entity id 51764 at ([world]-17.055818412760274, 61.0, -81.9155840131153)
[21:41:43] [Server thread/INFO]: EaglYeer691 suffocated in a wall
[21:42:07] [Server thread/INFO]: EaglYeer691 lost connection: Disconnected
[21:42:07] [Server thread/INFO]: EaglYeer691 left the game.
[21:42:44] [Thread-64/INFO]: UUID of player ViggDarvler736 is 7de4e856-e494-393a-87b3-7f1cc77f1685
[21:42:44] [Server thread/INFO]: ViggDarvler736[/172.31.128.1:34416] logged in with entity id 51898 at ([world]-24.5, 63.0, -60.5)
[21:42:57] [Server thread/INFO]: ViggDarvler736 has just earned the achievement [Taking Inventory]
[21:43:20] [Server thread/INFO]: ViggDarvler736 lost connection: Disconnected
[21:43:20] [Server thread/INFO]: ViggDarvler736 left the game.
[21:43:33] [Thread-65/INFO]: UUID of player ViggDarvler736 is 7de4e856-e494-393a-87b3-7f1cc77f1685
[21:43:33] [Server thread/INFO]: ViggDarvler736[/172.31.128.1:46262] logged in with entity id 51913 at ([world]-5.69999998807907, 61.0, -68.74211906673976)
[21:44:26] [Server thread/INFO]: ------------------------
[21:44:26] [Server thread/INFO]: Server is saved ...
[21:44:26] [Server thread/INFO]: Successfully saved.
[21:44:26] [Server thread/INFO]: ------------------------
[21:45:43] [Server thread/INFO]: ViggDarvler736 lost connection: Disconnected
[21:45:43] [Server thread/INFO]: ViggDarvler736 left the game.
[21:48:13] [Thread-66/INFO]: UUID of player Beanie is 9b97cbc9-c524-3f4f-9656-4e1eaa71e7ad
[21:48:13] [Server thread/INFO]: Beanie[/172.31.128.1:47136] logged in with entity id 52055 at ([world]-28.5, 63.0, -62.5)
[21:48:18] [Server thread/INFO]: Beanie has just earned the achievement [Taking Inventory]
[21:48:48] [Server thread/INFO]: Beanie issued server command: /gamemode 1
[21:48:53] [Server thread/INFO]: Beanie lost connection: Disconnected
[21:48:53] [Server thread/INFO]: Beanie left the game.
[21:49:05] [Thread-67/INFO]: UUID of player Beanie is 9b97cbc9-c524-3f4f-9656-4e1eaa71e7ad
[21:49:05] [Server thread/INFO]: Beanie[/172.31.128.1:37378] logged in with entity id 52177 at ([world]-20.036098788304592, 61.0, -85.8427687037085)
[21:49:22] [Server thread/INFO]: Beanie lost connection: Disconnected
[21:49:22] [Server thread/INFO]: Beanie left the game.
[21:49:26] [Server thread/INFO]: ------------------------
[21:49:26] [Server thread/INFO]: Server is saved ...
[21:49:27] [Server thread/INFO]: Successfully saved.
[21:49:27] [Server thread/INFO]: ------------------------
[21:49:54] [Thread-68/INFO]: UUID of player Beanie is 9b97cbc9-c524-3f4f-9656-4e1eaa71e7ad
[21:49:54] [Server thread/INFO]: Beanie[/172.31.128.1:60876] logged in with entity id 52299 at ([world]-16.30000001192093, 60.0, -128.68621507369346)
[21:50:26] [Server thread/INFO]: Beanie issued server command: /gamemode 1
[21:51:10] [Server thread/INFO]: Beanie lost connection: Disconnected
[21:51:10] [Server thread/INFO]: Beanie left the game.
[21:54:27] [Server thread/INFO]: ------------------------
[21:54:27] [Server thread/INFO]: Server is saved ...
[21:54:27] [Server thread/INFO]: Successfully saved.
[21:54:27] [Server thread/INFO]: ------------------------
[21:57:32] [Thread-69/INFO]: UUID of player EaglerYeeg747 is ed6cd2cf-db00-3fc9-b195-f4bb8d11c925
[21:57:32] [Server thread/INFO]: EaglerYeeg747[/172.31.128.1:32776] logged in with entity id 53185 at ([world]-21.5, 61.0, -79.5)
[21:58:15] [Server thread/INFO]: EaglerYeeg747 lost connection: Disconnected
[21:58:15] [Server thread/INFO]: EaglerYeeg747 left the game.
[21:59:27] [Server thread/INFO]: ------------------------
[21:59:27] [Server thread/INFO]: Server is saved ...
[21:59:27] [Server thread/INFO]: Successfully saved.
[21:59:27] [Server thread/INFO]: ------------------------
[22:00:06] [Thread-70/INFO]: UUID of player YeegYigg127 is e139c683-eb03-3068-bc27-783450a54010
[22:00:06] [Server thread/INFO]: YeegYigg127[/172.31.128.1:46574] logged in with entity id 53379 at ([world]-28.5, 61.0, -75.5)
[22:01:03] [Server thread/INFO]: YeegYigg127 lost connection: Disconnected
[22:01:03] [Server thread/INFO]: YeegYigg127 left the game.
[22:02:22] [Thread-71/INFO]: UUID of player GX_wolf is d96daa1f-59a3-34f7-92fc-4d888b1e58b4
[22:02:22] [Server thread/INFO]: GX_wolf[/172.31.128.1:33608] logged in with entity id 53412 at ([world]51.300000011920915, 59.0, -911.3000000119209)
[22:02:36] [Server thread/INFO]: GX_wolf lost connection: Disconnected
[22:02:36] [Server thread/INFO]: GX_wolf left the game.
[22:02:50] [Thread-72/INFO]: UUID of player GX_wolf is d96daa1f-59a3-34f7-92fc-4d888b1e58b4
[22:02:50] [Server thread/INFO]: GX_wolf[/172.31.128.1:37398] logged in with entity id 53523 at ([world]51.300000011920915, 59.0, -911.3000000119209)
[22:03:17] [Async Chat Thread - #27/INFO]: <GX_wolf> hello?
